#-----------------------------------------------------------
# Vivado v2019.1 (64-bit)
# SW Build 2552052 on Fri May 24 14:49:42 MDT 2019
# IP Build 2548770 on Fri May 24 18:01:18 MDT 2019
# Start of session at: Thu May 14 15:58:05 2020
# Process ID: 8484
# Current directory: C:/Users/user/OneDrive - University of Cape Town/A UNI/GitHub/EEE4120F-Labs/Prac4 Vivado/Prac4FPGAIntro/Prac4 Digital WallClock
# Command line: vivado.exe -gui_launcher_event rodinguilauncherevent8824 C:\Users\user\OneDrive - University of Cape Town\A UNI\GitHub\EEE4120F-Labs\Prac4 Vivado\Prac4FPGAIntro\Prac4 Digital WallClock\Prac4 Digital WallClock.xpr
# Log file: C:/Users/user/OneDrive - University of Cape Town/A UNI/GitHub/EEE4120F-Labs/Prac4 Vivado/Prac4FPGAIntro/Prac4 Digital WallClock/vivado.log
# Journal file: C:/Users/user/OneDrive - University of Cape Town/A UNI/GitHub/EEE4120F-Labs/Prac4 Vivado/Prac4FPGAIntro/Prac4 Digital WallClock\vivado.jou
#-----------------------------------------------------------
start_gui
open_project {C:/Users/user/OneDrive - University of Cape Town/A UNI/GitHub/EEE4120F-Labs/Prac4 Vivado/Prac4FPGAIntro/Prac4 Digital WallClock/Prac4 Digital WallClock.xpr}
INFO: [ProjectBase 1-489] The host OS only allows 260 characters in a normal path. The project is stored in a path with more than 80 characters. If you experience issues with IP, Block Designs, or files not being found, please consider moving the project to a location with a shorter path. Alternately consider using the OS subst command to map part of the path to a drive letter.
Current project path is 'C:/Users/user/OneDrive - University of Cape Town/A UNI/GitHub/EEE4120F-Labs/Prac4 Vivado/Prac4FPGAIntro/Prac4 Digital WallClock'
Scanning sources...
Finished scanning sources
INFO: [IP_Flow 19-234] Refreshing IP repositories
INFO: [IP_Flow 19-1704] No user IP repositories specified
INFO: [IP_Flow 19-2313] Loaded Vivado IP repository 'C:/Xilinx/Vivado/2019.1/data/ip'.
open_project: Time (s): cpu = 00:00:32 ; elapsed = 00:00:16 . Memory (MB): peak = 633.133 ; gain = 65.926
update_compile_order -fileset sources_1
export_ip_user_files -of_objects  [get_files {{C:/Users/user/OneDrive - University of Cape Town/A UNI/GitHub/EEE4120F-Labs/Prac4 Vivado/Prac4FPGAIntro/Prac4 Digital WallClock/Prac4 Digital WallClock.srcs/sources_1/new/Increment.v}}] -no_script -reset -force -quiet
remove_files  {{C:/Users/user/OneDrive - University of Cape Town/A UNI/GitHub/EEE4120F-Labs/Prac4 Vivado/Prac4FPGAIntro/Prac4 Digital WallClock/Prac4 Digital WallClock.srcs/sources_1/new/Increment.v}}
file delete -force {C:/Users/user/OneDrive - University of Cape Town/A UNI/GitHub/EEE4120F-Labs/Prac4 Vivado/Prac4FPGAIntro/Prac4 Digital WallClock/Prac4 Digital WallClock.srcs/sources_1/new/Increment.v}
update_compile_order -fileset sources_1
export_ip_user_files -of_objects  [get_files {{C:/Users/user/OneDrive - University of Cape Town/A UNI/GitHub/EEE4120F-Labs/Prac4 Vivado/Prac4FPGAIntro/Prac4 Digital WallClock/Prac4 Digital WallClock.srcs/sim_1/new/Increment_tb.v}}] -no_script -reset -force -quiet
remove_files  -fileset sim_1 {{C:/Users/user/OneDrive - University of Cape Town/A UNI/GitHub/EEE4120F-Labs/Prac4 Vivado/Prac4FPGAIntro/Prac4 Digital WallClock/Prac4 Digital WallClock.srcs/sim_1/new/Increment_tb.v}}
file delete -force {C:/Users/user/OneDrive - University of Cape Town/A UNI/GitHub/EEE4120F-Labs/Prac4 Vivado/Prac4FPGAIntro/Prac4 Digital WallClock/Prac4 Digital WallClock.srcs/sim_1/new/Increment_tb.v}
update_compile_order -fileset sim_1
update_compile_order -fileset sources_1
update_compile_order -fileset sim_1
exit
INFO: [Common 17-206] Exiting Vivado at Thu May 14 16:13:28 2020...
