#-----------------------------------------------------------
# Vivado v2019.1 (64-bit)
# SW Build 2552052 on Fri May 24 14:49:42 MDT 2019
# IP Build 2548770 on Fri May 24 18:01:18 MDT 2019
# Start of session at: Sat May  2 15:11:54 2020
# Process ID: 11276
# Current directory: C:/Users/user/OneDrive - University of Cape Town/A UNI/GitHub/EEE4120F-Labs/Prac4 Vivado/Prac4FPGAIntro/VerilogExercises
# Command line: vivado.exe -gui_launcher_event rodinguilauncherevent23100 C:\Users\user\OneDrive - University of Cape Town\A UNI\GitHub\EEE4120F-Labs\Prac4 Vivado\Prac4FPGAIntro\VerilogExercises\VerilogExercises.xpr
# Log file: C:/Users/user/OneDrive - University of Cape Town/A UNI/GitHub/EEE4120F-Labs/Prac4 Vivado/Prac4FPGAIntro/VerilogExercises/vivado.log
# Journal file: C:/Users/user/OneDrive - University of Cape Town/A UNI/GitHub/EEE4120F-Labs/Prac4 Vivado/Prac4FPGAIntro/VerilogExercises\vivado.jou
#-----------------------------------------------------------
start_gui
open_project {C:/Users/user/OneDrive - University of Cape Town/A UNI/GitHub/EEE4120F-Labs/Prac4 Vivado/Prac4FPGAIntro/VerilogExercises/VerilogExercises.xpr}
INFO: [ProjectBase 1-489] The host OS only allows 260 characters in a normal path. The project is stored in a path with more than 80 characters. If you experience issues with IP, Block Designs, or files not being found, please consider moving the project to a location with a shorter path. Alternately consider using the OS subst command to map part of the path to a drive letter.
Current project path is 'C:/Users/user/OneDrive - University of Cape Town/A UNI/GitHub/EEE4120F-Labs/Prac4 Vivado/Prac4FPGAIntro/VerilogExercises'
INFO: [Project 1-313] Project file moved from 'C:/Users/user/OneDrive - University of Cape Town/A UNI/GitHub/EEE4120F-Labs/VerilogExercises' since last save.
Scanning sources...
Finished scanning sources
INFO: [IP_Flow 19-234] Refreshing IP repositories
INFO: [IP_Flow 19-1704] No user IP repositories specified
INFO: [IP_Flow 19-2313] Loaded Vivado IP repository 'C:/Xilinx/Vivado/2019.1/data/ip'.
open_project: Time (s): cpu = 00:00:27 ; elapsed = 00:00:27 . Memory (MB): peak = 664.250 ; gain = 28.750
update_compile_order -fileset sources_1
close_project
open_project {C:/Users/user/OneDrive - University of Cape Town/A UNI/GitHub/EEE4120F-Labs/Prac4 Vivado/Prac4FPGAIntro/testPushbuttonLED/testPushbuttonLED.xpr}
INFO: [ProjectBase 1-489] The host OS only allows 260 characters in a normal path. The project is stored in a path with more than 80 characters. If you experience issues with IP, Block Designs, or files not being found, please consider moving the project to a location with a shorter path. Alternately consider using the OS subst command to map part of the path to a drive letter.
Current project path is 'C:/Users/user/OneDrive - University of Cape Town/A UNI/GitHub/EEE4120F-Labs/Prac4 Vivado/Prac4FPGAIntro/testPushbuttonLED'
Scanning sources...
Finished scanning sources
INFO: [IP_Flow 19-234] Refreshing IP repositories
INFO: [IP_Flow 19-1704] No user IP repositories specified
INFO: [IP_Flow 19-2313] Loaded Vivado IP repository 'C:/Xilinx/Vivado/2019.1/data/ip'.
update_compile_order -fileset sources_1
exit
INFO: [Common 17-206] Exiting Vivado at Sat May  2 15:39:27 2020...
